
Showing logs for build [32mrajattyagipvr-go-http-50-master-bvgm5-5[0m stage [32mfrom-build-pack[0m and container [32mstep-credential-initializer-6dzj2[0m
{"level":"warn","ts":1596042614.1141524,"logger":"fallback-logger","caller":"logging/config.go:69","msg":"Fetch GitHub commit ID from kodata failed: \"ref: refs/heads/0.8.0-**-support-backwards-incompats\" is not a valid GitHub commit ID"}
{"level":"info","ts":1596042614.1180112,"logger":"fallback-logger","caller":"creds-init/main.go:40","msg":"Credentials initialized."}

Showing logs for build [32mrajattyagipvr-go-http-50-master-bvgm5-5[0m stage [32mfrom-build-pack[0m and container [32mstep-working-dir-initializer-hn6qq[0m
{"level":"warn","ts":1596042614.982695,"logger":"fallback-logger","caller":"logging/config.go:69","msg":"Fetch GitHub commit ID from kodata failed: open /var/run/ko/HEAD: no such file or directory"}
{"level":"info","ts":1596042614.9920433,"logger":"fallback-logger","caller":"bash/main.go:64","msg":"Successfully executed command \"sh -c mkdir -p /workspace/source\"; output "}

Showing logs for build [32mrajattyagipvr-go-http-50-master-bvgm5-5[0m stage [32mfrom-build-pack[0m and container [32mstep-place-tools[0m

Showing logs for build [32mrajattyagipvr-go-http-50-master-bvgm5-5[0m stage [32mfrom-build-pack[0m and container [32mstep-git-source-rajattyagipvr-go-http-50-master-bvgm5-4js25[0m
{"level":"warn","ts":1596042686.6903577,"logger":"fallback-logger","caller":"logging/config.go:69","msg":"Fetch GitHub commit ID from kodata failed: \"ref: refs/heads/0.8.0-**-support-backwards-incompats\" is not a valid GitHub commit ID"}
{"level":"info","ts":1596042688.840506,"logger":"fallback-logger","caller":"git/git.go:103","msg":"Successfully cloned https://github.com/*************/go-http-50.git @ v0.0.5 in path /workspace/source"}

Showing logs for build [32mrajattyagipvr-go-http-50-master-bvgm5-5[0m stage [32mfrom-build-pack[0m and container [32mstep-git-merge[0m
Using SHAs from PULL_REFS=master:
WARNING: no SHAs to merge, falling back to initial cloned commit

Showing logs for build [32mrajattyagipvr-go-http-50-master-bvgm5-5[0m stage [32mfrom-build-pack[0m and container [32mstep-setup-jx-git-credentials[0m
Cloning the Jenkins X versions repo https://github.com/*************/jenkins-x-versions.git with ref refs/heads/master to /builder/home/.**/jenkins-x-versions
Generated Git credentials file /builder/home/git/credentials

Showing logs for build [32mrajattyagipvr-go-http-50-master-bvgm5-5[0m stage [32mfrom-build-pack[0m and container [32mstep-build-make-build[0m
CGO_ENABLED=0 GO15VENDOREXPERIMENT=1 go build -ldflags '' -o bin/go-http-50 main.go

Showing logs for build [32mrajattyagipvr-go-http-50-master-bvgm5-5[0m stage [32mfrom-build-pack[0m and container [32mstep-build-container-build[0m
error checking push permissions -- make sure you entered the correct tag name, and that you are authenticated correctly, and try again: checking push permission for "index.docker.io//702769831180/go-http-50:0.0.5": UNAUTHORIZED: authentication required; [map[Type:repository Class: Name:702769831180/go-http-50 Action:pull]]
[31m
Pipeline failed on stage 'from-build-pack' : container 'step-build-container-build'. The execution of the pipeline has stopped.[0m
